[10:02:29] [ServerMain/INFO]: Environment: authHost='https://authserver.mojang.com', accountsHost='https://api.mojang.com', sessionHost='https://sessionserver.mojang.com', servicesHost='https://api.minecraftservices.com', name='PROD'
[10:02:31] [ServerMain/INFO]: Loaded 7 recipes
[10:02:31] [ServerMain/INFO]: Loaded 1271 advancements
[10:02:34] [Server thread/INFO]: Starting minecraft server version 1.20.1
[10:02:34] [Server thread/INFO]: Loading properties
[10:02:34] [Server thread/INFO]: Default game type: SURVIVAL
[10:02:34] [Server thread/INFO]: Generating keypair
[10:02:34] [Server thread/INFO]: Starting Minecraft server on *:25565
[10:02:34] [Server thread/INFO]: Using default channel type
[10:02:34] [Server thread/INFO]: Preparing level "world"
[10:02:35] [Server thread/INFO]: Preparing start region for dimension minecraft:overworld
[10:02:38] [Worker-Main-3/INFO]: Preparing spawn area: 0%
[10:02:38] [Worker-Main-3/INFO]: Preparing spawn area: 0%
[10:02:38] [Worker-Main-3/INFO]: Preparing spawn area: 0%
[10:02:38] [Worker-Main-5/INFO]: Preparing spawn area: 0%
[10:02:38] [Worker-Main-5/INFO]: Preparing spawn area: 0%
[10:02:38] [Worker-Main-2/INFO]: Preparing spawn area: 0%
[10:02:38] [Worker-Main-5/INFO]: Preparing spawn area: 45%
[10:02:39] [Server thread/INFO]: Time elapsed: 3313 ms
[10:02:39] [Server thread/INFO]: Done (4.771s)! For help, type "help"
[10:02:39] [Server thread/INFO]: Starting remote control listener
[10:02:39] [Server thread/INFO]: Thread RCON Listener started
[10:02:39] [Server thread/INFO]: RCON running on 0.0.0.0:25566
[10:04:20] [RCON Listener #1/INFO]: Thread RCON Client /127.0.0.1 started
[10:04:20] [Server thread/INFO]: [Rcon: Set the time to 1000]
[10:04:26] [Server thread/INFO]: [Rcon: Set the time to 13000]
[12:34:56] [Server thread/WARN]: Can't keep up! Is the server overloaded? Running 8686605ms or 173732 ticks behind
[12:35:22] [Server thread/INFO]: [Rcon: Set the time to 1000]
[12:35:46] [Server thread/INFO]: [Rcon: Set the time to 1000]
[12:39:11] [Server thread/INFO]: [Rcon: Set the time to 1000]
[12:48:20] [Server thread/WARN]: Can't keep up! Is the server overloaded? Running 187995ms or 3759 ticks behind
[13:43:33] [Server thread/INFO]: Stopping the server
[13:43:33] [Server thread/INFO]: Stopping server
[13:43:33] [Server thread/INFO]: Saving players
[13:43:33] [Server thread/INFO]: Saving worlds
[13:43:34] [Server thread/INFO]: Saving chunks for level 'ServerLevel[world]'/minecraft:overworld
[13:43:35] [Server thread/INFO]: Saving chunks for level 'ServerLevel[world]'/minecraft:the_nether
[13:43:35] [Server thread/INFO]: Saving chunks for level 'ServerLevel[world]'/minecraft:the_end
[13:43:35] [Server thread/INFO]: ThreadedAnvilChunkStorage (world): All chunks are saved
[13:43:35] [Server thread/INFO]: ThreadedAnvilChunkStorage (DIM-1): All chunks are saved
[13:43:35] [Server thread/INFO]: ThreadedAnvilChunkStorage (DIM1): All chunks are saved
[13:43:35] [Server thread/INFO]: ThreadedAnvilChunkStorage: All dimensions are saved
[13:43:35] [Server thread/INFO]: Thread RCON Listener stopped
[13:43:35] [RCON Client /127.0.0.1 #2/INFO]: Thread RCON Client /127.0.0.1 shutting down
[13:43:35] [Server thread/INFO]: Thread RCON Client /127.0.0.1 stopped
